{"level":"info","message":"Hello from aquisition","service":"aquisition-api"}
{"level":"info","message":"::1 - - [28/Dec/2025:09:50:44 +0000] \"GET / HTTP/1.1\" 304 - \"-\" \"Mozilla/5.0 (Windows NT 10.0; Win64; x64) AppleWebKit/537.36 (KHTML, like Gecko) Chrome/143.0.0.0 Safari/537.36\"","service":"aquisition-api"}
{"level":"info","message":"::1 - - [28/Dec/2025:09:50:44 +0000] \"GET /favicon.ico HTTP/1.1\" 404 150 \"-\" \"Mozilla/5.0 (Windows NT 10.0; Win64; x64) AppleWebKit/537.36 (KHTML, like Gecko) Chrome/143.0.0.0 Safari/537.36\"","service":"aquisition-api"}
{"level":"info","message":"Hello from aquisition","service":"aquisition-api"}
{"level":"info","message":"::1 - - [28/Dec/2025:10:10:31 +0000] \"GET / HTTP/1.1\" 304 - \"-\" \"Mozilla/5.0 (Windows NT 10.0; Win64; x64) AppleWebKit/537.36 (KHTML, like Gecko) Chrome/143.0.0.0 Safari/537.36\"","service":"aquisition-api"}
{"level":"info","message":"Hello from aquisition","service":"aquisition-api"}
{"level":"info","message":"::1 - - [28/Dec/2025:10:12:19 +0000] \"GET / HTTP/1.1\" 200 13 \"-\" \"PostmanRuntime/7.49.1\"","service":"aquisition-api"}
{"level":"info","message":"::1 - - [28/Dec/2025:10:13:16 +0000] \"GET /api HTTP/1.1\" 200 41 \"-\" \"PostmanRuntime/7.49.1\"","service":"aquisition-api"}
{"level":"info","message":"::1 - - [28/Dec/2025:10:13:37 +0000] \"GET /health HTTP/1.1\" 200 75 \"-\" \"PostmanRuntime/7.49.1\"","service":"aquisition-api"}
{"level":"info","message":"::1 - - [28/Dec/2025:10:22:20 +0000] \"POST /api/ HTTP/1.1\" 404 144 \"-\" \"PostmanRuntime/7.49.1\"","service":"aquisition-api"}
{"level":"info","message":"::1 - - [28/Dec/2025:10:22:24 +0000] \"GET /api/ HTTP/1.1\" 200 41 \"-\" \"PostmanRuntime/7.49.1\"","service":"aquisition-api"}
{"level":"info","message":"::1 - - [28/Dec/2025:10:22:56 +0000] \"POST /api/auth/sign-in HTTP/1.1\" 200 31 \"-\" \"PostmanRuntime/7.49.1\"","service":"aquisition-api"}
{"level":"info","message":"::1 - - [28/Dec/2025:11:09:06 +0000] \"POST /api/auth/sign-up HTTP/1.1\" 400 92 \"-\" \"PostmanRuntime/7.49.1\"","service":"aquisition-api"}
{"level":"info","message":"::1 - - [28/Dec/2025:11:12:03 +0000] \"POST /api/auth/sign-up HTTP/1.1\" 400 92 \"-\" \"PostmanRuntime/7.49.1\"","service":"aquisition-api"}
{"level":"info","message":"::1 - - [28/Dec/2025:11:12:05 +0000] \"POST /api/auth/sign-up HTTP/1.1\" 400 92 \"-\" \"PostmanRuntime/7.49.1\"","service":"aquisition-api"}
{"level":"info","message":"::1 - - [28/Dec/2025:11:12:22 +0000] \"POST /api/auth/sign-up HTTP/1.1\" 400 92 \"-\" \"PostmanRuntime/7.49.1\"","service":"aquisition-api"}
{"level":"info","message":"User signed up: ihsaan@gmail.com (ihsaan, role: user)","service":"aquisition-api"}
{"level":"info","message":"::1 - - [28/Dec/2025:11:13:02 +0000] \"POST /api/auth/sign-up HTTP/1.1\" 201 102 \"-\" \"PostmanRuntime/7.49.1\"","service":"aquisition-api"}
{"level":"info","message":"::1 - - [28/Dec/2025:11:49:05 +0000] \"POST /api/auth/sign-up HTTP/1.1\" 400 92 \"-\" \"PostmanRuntime/7.49.1\"","service":"aquisition-api"}
{"level":"info","message":"Created new user: ihsaan@gmail.com","service":"aquisition-api"}
{"level":"info","message":"User signed up: ihsaan@gmail.com (ihsaan, role: admin)","service":"aquisition-api"}
{"level":"info","message":"::1 - - [28/Dec/2025:11:49:15 +0000] \"POST /api/auth/sign-up HTTP/1.1\" 201 103 \"-\" \"PostmanRuntime/7.49.1\"","service":"aquisition-api"}
{"level":"info","message":"Created new user: absal@gmail.com","service":"aquisition-api"}
{"level":"info","message":"User signed up: absal@gmail.com (absal, role: user)","service":"aquisition-api"}
{"level":"info","message":"::1 - - [28/Dec/2025:11:50:26 +0000] \"POST /api/auth/sign-up HTTP/1.1\" 201 100 \"-\" \"PostmanRuntime/7.49.1\"","service":"aquisition-api"}
